<?xml version="1.0" encoding="UTF-8"?>
<!-- Generated by org.testng.reporters.JUnitXMLReporter -->
<testsuite hostname="DESKTOP-FQ6DBV1" ignored="0" name="Default test" tests="8" failures="0" timestamp="2020-04-24T19:10:19 CST" time="0.065" errors="0">
  <testcase name="Rectangle:RectangleModel [width=1, length=2]" time="0.012" classname="com.autotest.java.demo.testng.TestNGDemoWithFactoryTestImplementITest"/>
  <testcase name="Rectangle:RectangleModel [width=8, length=9]" time="0.001" classname="com.autotest.java.demo.testng.TestNGDemoWithFactoryTestImplementITest"/>
  <testcase name="Rectangle:RectangleModel [width=4, length=5]" time="0.0" classname="com.autotest.java.demo.testng.TestNGDemoWithFactoryTestImplementITest"/>
  <testcase name="Rectangle:RectangleModel [width=6, length=7]" time="0.001" classname="com.autotest.java.demo.testng.TestNGDemoWithFactoryTestImplementITest"/>
  <testcase name="Rectangle:RectangleModel [width=1, length=2]" time="0.001" classname="com.autotest.java.demo.testng.TestNGDemoWithFactoryTestImplementITest"/>
  <testcase name="Rectangle:RectangleModel [width=8, length=9]" time="0.001" classname="com.autotest.java.demo.testng.TestNGDemoWithFactoryTestImplementITest"/>
  <testcase name="Rectangle:RectangleModel [width=4, length=5]" time="0.002" classname="com.autotest.java.demo.testng.TestNGDemoWithFactoryTestImplementITest"/>
  <testcase name="Rectangle:RectangleModel [width=6, length=7]" time="0.001" classname="com.autotest.java.demo.testng.TestNGDemoWithFactoryTestImplementITest"/>
</testsuite> <!-- Default test -->
