<?xml version="1.0" encoding="UTF-8"?>
<!-- Generated by org.testng.reporters.JUnitXMLReporter -->
<testsuite hostname="DESKTOP-FQ6DBV1" ignored="0" name="Default test" tests="8" failures="0" timestamp="2020-04-29T17:58:35 CST" time="0.097" errors="0">
  <testcase name="validateUserTestWithProviderParamDefault" time="0.005" classname="com.autotest.java.demo.testng.ddt.TestNGDDTDemoTestWithDataProviderITestContext"/>
  <testcase name="validateUserTestWithProviderParamDefault" time="0.001" classname="com.autotest.java.demo.testng.ddt.TestNGDDTDemoTestWithDataProviderITestContext"/>
  <testcase name="validateUserTestWithProviderParamOne" time="0.003" classname="com.autotest.java.demo.testng.ddt.TestNGDDTDemoTestWithDataProviderITestContext"/>
  <testcase name="validateUserTestWithProviderParamOne" time="0.001" classname="com.autotest.java.demo.testng.ddt.TestNGDDTDemoTestWithDataProviderITestContext"/>
  <testcase name="validateUserTestWithProviderParamOne" time="0.002" classname="com.autotest.java.demo.testng.ddt.TestNGDDTDemoTestWithDataProviderITestContext"/>
  <testcase name="validateUserTestWithProviderParamTwo" time="0.001" classname="com.autotest.java.demo.testng.ddt.TestNGDDTDemoTestWithDataProviderITestContext"/>
  <testcase name="validateUserTestWithProviderParamTwo" time="0.001" classname="com.autotest.java.demo.testng.ddt.TestNGDDTDemoTestWithDataProviderITestContext"/>
  <testcase name="validateUserTestWithProviderParamTwo" time="0.001" classname="com.autotest.java.demo.testng.ddt.TestNGDDTDemoTestWithDataProviderITestContext"/>
</testsuite> <!-- Default test -->
